Build started 2016-04-08 3:43:32 PM.
     1>Project "C:\Users\Amaury\SkyDrive\Algonquin College Documents\Level 4\C++\C++ Projects\ass3\ass3\ass3.vcxproj" on node 2 (Build target(s)).
     1>ClCompile:
         C:\Program Files (x86)\Microsoft Visual Studio 12.0\VC\bin\CL.exe /c /ZI /nologo /W3 /WX- /Od /Oy- /D WIN32 /D _DEBUG /D _CONSOLE /D _UNICODE /D UNICODE /Gm /EHsc /RTC1 /MDd /GS /fp:precise /Zc:wchar_t /Zc:forScope /Fo"Debug\\" /Fd"Debug\vc120.pdb" /Gd /TP /analyze- /errorReport:prompt Account.cpp ass3.cpp FleaBay.cpp Item.cpp
         Item.cpp
     1>c:\users\amaury\skydrive\algonquin college documents\level 4\c++\c++ projects\ass3\ass3\item.cpp(44): warning C4996: 'strcpy': This function or variable may be unsafe. Consider using strcpy_s instead. To disable deprecation, use _CRT_SECURE_NO_WARNINGS. See online help for details.
                 c:\program files (x86)\microsoft visual studio 12.0\vc\include\string.h(112) : see declaration of 'strcpy'
     1>c:\users\amaury\skydrive\algonquin college documents\level 4\c++\c++ projects\ass3\ass3\item.cpp(60): warning C4996: 'strcpy': This function or variable may be unsafe. Consider using strcpy_s instead. To disable deprecation, use _CRT_SECURE_NO_WARNINGS. See online help for details.
                 c:\program files (x86)\microsoft visual studio 12.0\vc\include\string.h(112) : see declaration of 'strcpy'
         FleaBay.cpp
     1>c:\users\amaury\skydrive\algonquin college documents\level 4\c++\c++ projects\ass3\ass3\fleabay.cpp(110): warning C4996: 'strcpy': This function or variable may be unsafe. Consider using strcpy_s instead. To disable deprecation, use _CRT_SECURE_NO_WARNINGS. See online help for details.
                 c:\program files (x86)\microsoft visual studio 12.0\vc\include\string.h(112) : see declaration of 'strcpy'
         ass3.cpp
         Account.cpp
     1>c:\users\amaury\skydrive\algonquin college documents\level 4\c++\c++ projects\ass3\ass3\account.cpp(47): warning C4996: 'strcpy': This function or variable may be unsafe. Consider using strcpy_s instead. To disable deprecation, use _CRT_SECURE_NO_WARNINGS. See online help for details.
                 c:\program files (x86)\microsoft visual studio 12.0\vc\include\string.h(112) : see declaration of 'strcpy'
     1>c:\users\amaury\skydrive\algonquin college documents\level 4\c++\c++ projects\ass3\ass3\account.cpp(50): warning C4996: 'strcpy': This function or variable may be unsafe. Consider using strcpy_s instead. To disable deprecation, use _CRT_SECURE_NO_WARNINGS. See online help for details.
                 c:\program files (x86)\microsoft visual studio 12.0\vc\include\string.h(112) : see declaration of 'strcpy'
     1>c:\users\amaury\skydrive\algonquin college documents\level 4\c++\c++ projects\ass3\ass3\account.cpp(80): warning C4996: 'strcpy': This function or variable may be unsafe. Consider using strcpy_s instead. To disable deprecation, use _CRT_SECURE_NO_WARNINGS. See online help for details.
                 c:\program files (x86)\microsoft visual studio 12.0\vc\include\string.h(112) : see declaration of 'strcpy'
     1>c:\users\amaury\skydrive\algonquin college documents\level 4\c++\c++ projects\ass3\ass3\account.cpp(83): warning C4996: 'strcpy': This function or variable may be unsafe. Consider using strcpy_s instead. To disable deprecation, use _CRT_SECURE_NO_WARNINGS. See online help for details.
                 c:\program files (x86)\microsoft visual studio 12.0\vc\include\string.h(112) : see declaration of 'strcpy'
         Generating Code...
       Link:
         C:\Program Files (x86)\Microsoft Visual Studio 12.0\VC\bin\link.exe /ERRORREPORT:PROMPT /OUT:"C:\Users\Amaury\SkyDrive\Algonquin College Documents\Level 4\C++\C++ Projects\ass3\Debug\ass3.exe" /INCREMENTAL /NOLOGO kernel32.lib user32.lib gdi32.lib winspool.lib comdlg32.lib advapi32.lib shell32.lib ole32.lib oleaut32.lib uuid.lib odbc32.lib odbccp32.lib /MANIFEST /MANIFESTUAC:"level='asInvoker' uiAccess='false'" /manifest:embed /DEBUG /PDB:"C:\Users\Amaury\SkyDrive\Algonquin College Documents\Level 4\C++\C++ Projects\ass3\Debug\ass3.pdb" /SUBSYSTEM:CONSOLE /TLBID:1 /DYNAMICBASE /NXCOMPAT /IMPLIB:"C:\Users\Amaury\SkyDrive\Algonquin College Documents\Level 4\C++\C++ Projects\ass3\Debug\ass3.lib" /MACHINE:X86 Debug\Account.obj
         Debug\ass3.obj
         Debug\FleaBay.obj
         Debug\Item.obj
         ass3.vcxproj -> C:\Users\Amaury\SkyDrive\Algonquin College Documents\Level 4\C++\C++ Projects\ass3\Debug\ass3.exe
     1>Done Building Project "C:\Users\Amaury\SkyDrive\Algonquin College Documents\Level 4\C++\C++ Projects\ass3\ass3\ass3.vcxproj" (Build target(s)).

Build succeeded.

Time Elapsed 00:00:11.50
