C:\ALGONQUIN COLLEGE DOCUMENTS\LEVEL 4\COMPILERS\ASS3\ASS3\DEBUG\ACCOUNT.OBJ
C:\ALGONQUIN COLLEGE DOCUMENTS\LEVEL 4\COMPILERS\ASS3\ASS3\DEBUG\ASS3.OBJ
C:\ALGONQUIN COLLEGE DOCUMENTS\LEVEL 4\COMPILERS\ASS3\ASS3\DEBUG\FLEABAY.OBJ
C:\ALGONQUIN COLLEGE DOCUMENTS\LEVEL 4\COMPILERS\ASS3\ASS3\DEBUG\ITEM.OBJ
C:\ALGONQUIN COLLEGE DOCUMENTS\LEVEL 4\COMPILERS\ASS3\ASS3\DEBUG\VC110.PDB
C:\ALGONQUIN COLLEGE DOCUMENTS\LEVEL 4\COMPILERS\ASS3\DEBUG\ASS3.ILK
C:\ALGONQUIN COLLEGE DOCUMENTS\LEVEL 4\COMPILERS\ASS3\DEBUG\ASS3.EXE
C:\ALGONQUIN COLLEGE DOCUMENTS\LEVEL 4\COMPILERS\ASS3\DEBUG\ASS3.PDB
C:\Algonquin College Documents\Level 4\Compilers\ass3\ass3\Debug\Account.obj
C:\Algonquin College Documents\Level 4\Compilers\ass3\ass3\Debug\ass3.obj
C:\Algonquin College Documents\Level 4\Compilers\ass3\ass3\Debug\FleaBay.obj
C:\Algonquin College Documents\Level 4\Compilers\ass3\ass3\Debug\Item.obj
C:\Algonquin College Documents\Level 4\Compilers\ass3\ass3\Debug\cl.command.1.tlog
C:\Algonquin College Documents\Level 4\Compilers\ass3\ass3\Debug\CL.read.1.tlog
C:\Algonquin College Documents\Level 4\Compilers\ass3\ass3\Debug\CL.write.1.tlog
C:\Algonquin College Documents\Level 4\Compilers\ass3\ass3\Debug\link-cvtres.read.1.tlog
C:\Algonquin College Documents\Level 4\Compilers\ass3\ass3\Debug\link-cvtres.write.1.tlog
C:\Algonquin College Documents\Level 4\Compilers\ass3\ass3\Debug\link-rc.read.1.tlog
C:\Algonquin College Documents\Level 4\Compilers\ass3\ass3\Debug\link-rc.write.1.tlog
C:\Algonquin College Documents\Level 4\Compilers\ass3\ass3\Debug\link.command.1.tlog
C:\Algonquin College Documents\Level 4\Compilers\ass3\ass3\Debug\link.read.1.tlog
C:\Algonquin College Documents\Level 4\Compilers\ass3\ass3\Debug\link.write.1.tlog
C:\Algonquin College Documents\Level 4\Compilers\ass3\ass3\Debug\vc110.idb
C:\Algonquin College Documents\Level 4\Compilers\ass3\ass3\Debug\vc110.pdb
C:\Algonquin College Documents\Level 4\Compilers\ass3\Debug\ass3.pdb
C:\Algonquin College Documents\Level 4\Compilers\ass3\Debug\ass3.exe
C:\Algonquin College Documents\Level 4\Compilers\ass3\Debug\ass3.ilk
